<?xml version="1.0" encoding="UTF-8"?>
<!-- Generated by org.testng.reporters.JUnitReportReporter -->
<testsuite skipped="0" hostname="VD-5224" name="Selenium_Demo.Practise.SampleScenario_01" tests="1" failures="0" timestamp="03 Jul 2022 13:42:00 GMT" time="6.769" errors="0">
  <testcase name="TC01" time="6.769" classname="Selenium_Demo.Practise.SampleScenario_01"/>
</testsuite> <!-- Selenium_Demo.Practise.SampleScenario_01 -->
