<?xml version="1.0" encoding="UTF-8"?>
<!-- Generated by org.testng.reporters.JUnitReportReporter -->
<testsuite skipped="0" hostname="VD-5224" name="Selenium_Demo.Practise.SampleScenario_01" tests="1" failures="0" timestamp="30 Jun 2022 16:41:39 GMT" time="6.122" errors="0">
  <testcase name="TC01" time="6.122" classname="Selenium_Demo.Practise.SampleScenario_01"/>
</testsuite> <!-- Selenium_Demo.Practise.SampleScenario_01 -->
