<?xml version="1.0" encoding="UTF-8"?>
<!-- Generated by org.testng.reporters.JUnitReportReporter -->
<testsuite skipped="0" hostname="VD-5224" name="Selenium_Demo.Practise.MyMojoTest" tests="2" failures="0" timestamp="03 Jul 2022 12:47:38 GMT" time="2.525" errors="0">
  <testcase name="testSomething" time="1.263" classname="Selenium_Demo.Practise.MyMojoTest"/>
  <testcase name="testSomethingWhichDoesNotNeedTheMojoAndProbablyShouldBeExtractedIntoANewClassOfItsOwn" time="1.262" classname="Selenium_Demo.Practise.MyMojoTest"/>
</testsuite> <!-- Selenium_Demo.Practise.MyMojoTest -->
